<?xml version="1.0" encoding="UTF-8"?>
<testng-results ignored="0" total="2" passed="2" failed="0" skipped="0">
  <reporter-output>
  </reporter-output>
  <suite started-at="2024-12-13T02:00:07 BDT" name="Suite" finished-at="2024-12-13T02:00:44 BDT" duration-ms="37672">
    <groups>
      <group name="Master">
        <method signature="TC002_LoginTest.verify_login()[pri:0, instance:testCases.TC002_LoginTest@5032714f]" name="verify_login" class="testCases.TC002_LoginTest"/>
        <method signature="TC002_LoginTest.verify_login()[pri:0, instance:testCases.TC002_LoginTest@45d84a20]" name="verify_login" class="testCases.TC002_LoginTest"/>
      </group> <!-- Master -->
      <group name="Sanity">
        <method signature="TC002_LoginTest.verify_login()[pri:0, instance:testCases.TC002_LoginTest@5032714f]" name="verify_login" class="testCases.TC002_LoginTest"/>
        <method signature="TC002_LoginTest.verify_login()[pri:0, instance:testCases.TC002_LoginTest@45d84a20]" name="verify_login" class="testCases.TC002_LoginTest"/>
      </group> <!-- Sanity -->
    </groups>
    <test started-at="2024-12-13T02:00:07 BDT" name="Linux-chrome" finished-at="2024-12-13T02:00:30 BDT" duration-ms="23047">
      <class name="testCases.TC002_LoginTest">
        <test-method is-config="true" signature="setup(java.lang.String,java.lang.String)[pri:0, instance:testCases.TC002_LoginTest@5032714f]" started-at="2024-12-13T02:00:08 BDT" name="setup" finished-at="2024-12-13T02:00:26 BDT" duration-ms="18187" status="PASS">
          <params>
            <param index="0">
              <value>
                <![CDATA[chrome]]>
              </value>
            </param>
            <param index="1">
              <value>
                <![CDATA[Linux]]>
              </value>
            </param>
          </params>
          <reporter-output>
          </reporter-output>
        </test-method> <!-- setup -->
        <test-method signature="verify_login()[pri:0, instance:testCases.TC002_LoginTest@5032714f]" started-at="2024-12-13T02:00:26 BDT" name="verify_login" finished-at="2024-12-13T02:00:30 BDT" duration-ms="3804" status="PASS">
          <reporter-output>
          </reporter-output>
        </test-method> <!-- verify_login -->
        <test-method is-config="true" signature="tearDown()[pri:0, instance:testCases.TC002_LoginTest@5032714f]" started-at="2024-12-13T02:00:30 BDT" name="tearDown" finished-at="2024-12-13T02:00:30 BDT" duration-ms="223" status="PASS">
          <reporter-output>
          </reporter-output>
        </test-method> <!-- tearDown -->
      </class> <!-- testCases.TC002_LoginTest -->
    </test> <!-- Linux-chrome -->
    <test started-at="2024-12-13T02:00:32 BDT" name="Linux-firefox" finished-at="2024-12-13T02:00:44 BDT" duration-ms="12690">
      <class name="testCases.TC002_LoginTest">
        <test-method is-config="true" signature="setup(java.lang.String,java.lang.String)[pri:0, instance:testCases.TC002_LoginTest@45d84a20]" started-at="2024-12-13T02:00:32 BDT" name="setup" finished-at="2024-12-13T02:00:40 BDT" duration-ms="8062" status="PASS">
          <params>
            <param index="0">
              <value>
                <![CDATA[firefox]]>
              </value>
            </param>
            <param index="1">
              <value>
                <![CDATA[Linux]]>
              </value>
            </param>
          </params>
          <reporter-output>
          </reporter-output>
        </test-method> <!-- setup -->
        <test-method signature="verify_login()[pri:0, instance:testCases.TC002_LoginTest@45d84a20]" started-at="2024-12-13T02:00:40 BDT" name="verify_login" finished-at="2024-12-13T02:00:43 BDT" duration-ms="3614" status="PASS">
          <reporter-output>
          </reporter-output>
        </test-method> <!-- verify_login -->
        <test-method is-config="true" signature="tearDown()[pri:0, instance:testCases.TC002_LoginTest@45d84a20]" started-at="2024-12-13T02:00:43 BDT" name="tearDown" finished-at="2024-12-13T02:00:44 BDT" duration-ms="1004" status="PASS">
          <reporter-output>
          </reporter-output>
        </test-method> <!-- tearDown -->
      </class> <!-- testCases.TC002_LoginTest -->
    </test> <!-- Linux-firefox -->
  </suite> <!-- Suite -->
</testng-results>
